<?xml version="1.0" encoding="UTF-8"?>
<coverage generated="1628794931214" clover="3.2.0">
  <project timestamp="1628794931214" name="All files">
    <metrics statements="86" coveredstatements="83" conditionals="2" coveredconditionals="2" methods="18" coveredmethods="18" elements="106" coveredelements="103" complexity="0" loc="86" ncloc="86" packages="4" files="15" classes="15"/>
    <package name="meli-test-api">
      <metrics statements="18" coveredstatements="18" conditionals="0" coveredconditionals="0" methods="3" coveredmethods="3"/>
      <file name="routes.js" path="/Users/nivaldomartinez/Desktop/meli-test-api/routes.js">
        <metrics statements="11" coveredstatements="11" conditionals="0" coveredconditionals="0" methods="3" coveredmethods="3"/>
        <line num="1" count="1" type="stmt"/>
        <line num="2" count="1" type="stmt"/>
        <line num="3" count="1" type="stmt"/>
        <line num="5" count="1" type="stmt"/>
        <line num="6" count="1" type="stmt"/>
        <line num="7" count="1" type="stmt"/>
        <line num="10" count="1" type="stmt"/>
        <line num="11" count="1" type="stmt"/>
        <line num="14" count="1" type="stmt"/>
        <line num="16" count="1" type="stmt"/>
        <line num="18" count="1" type="stmt"/>
      </file>
      <file name="server.js" path="/Users/nivaldomartinez/Desktop/meli-test-api/server.js">
        <metrics statements="7" coveredstatements="7" conditionals="0" coveredconditionals="0" methods="0" coveredmethods="0"/>
        <line num="1" count="1" type="stmt"/>
        <line num="2" count="1" type="stmt"/>
        <line num="3" count="1" type="stmt"/>
        <line num="5" count="1" type="stmt"/>
        <line num="6" count="1" type="stmt"/>
        <line num="8" count="1" type="stmt"/>
        <line num="10" count="1" type="stmt"/>
      </file>
    </package>
    <package name="meli-test-api.handlers">
      <metrics statements="31" coveredstatements="28" conditionals="2" coveredconditionals="2" methods="3" coveredmethods="3"/>
      <file name="breadcrumb.handler.js" path="/Users/nivaldomartinez/Desktop/meli-test-api/handlers/breadcrumb.handler.js">
        <metrics statements="9" coveredstatements="8" conditionals="0" coveredconditionals="0" methods="1" coveredmethods="1"/>
        <line num="1" count="1" type="stmt"/>
        <line num="2" count="1" type="stmt"/>
        <line num="4" count="1" type="stmt"/>
        <line num="5" count="1" type="stmt"/>
        <line num="6" count="1" type="stmt"/>
        <line num="16" count="1" type="stmt"/>
        <line num="17" count="1" type="stmt"/>
        <line num="18" count="1" type="stmt"/>
        <line num="23" count="0" type="stmt"/>
      </file>
      <file name="productDetail.handler.js" path="/Users/nivaldomartinez/Desktop/meli-test-api/handlers/productDetail.handler.js">
        <metrics statements="11" coveredstatements="10" conditionals="0" coveredconditionals="0" methods="1" coveredmethods="1"/>
        <line num="1" count="1" type="stmt"/>
        <line num="2" count="1" type="stmt"/>
        <line num="4" count="1" type="stmt"/>
        <line num="5" count="1" type="stmt"/>
        <line num="6" count="1" type="stmt"/>
        <line num="16" count="1" type="stmt"/>
        <line num="17" count="1" type="stmt"/>
        <line num="24" count="1" type="stmt"/>
        <line num="25" count="1" type="stmt"/>
        <line num="30" count="1" type="stmt"/>
        <line num="33" count="0" type="stmt"/>
      </file>
      <file name="search.handler.js" path="/Users/nivaldomartinez/Desktop/meli-test-api/handlers/search.handler.js">
        <metrics statements="11" coveredstatements="10" conditionals="2" coveredconditionals="2" methods="1" coveredmethods="1"/>
        <line num="1" count="1" type="stmt"/>
        <line num="2" count="1" type="stmt"/>
        <line num="4" count="1" type="stmt"/>
        <line num="5" count="2" type="stmt"/>
        <line num="6" count="2" type="cond" truecount="2" falsecount="0"/>
        <line num="7" count="1" type="stmt"/>
        <line num="17" count="1" type="stmt"/>
        <line num="18" count="1" type="stmt"/>
        <line num="19" count="1" type="stmt"/>
        <line num="21" count="0" type="stmt"/>
        <line num="24" count="1" type="stmt"/>
      </file>
    </package>
    <package name="meli-test-api.tests.mocks">
      <metrics statements="8" coveredstatements="8" conditionals="0" coveredconditionals="0" methods="0" coveredmethods="0"/>
      <file name="apiItem.mock.js" path="/Users/nivaldomartinez/Desktop/meli-test-api/tests/mocks/apiItem.mock.js">
        <metrics statements="1" coveredstatements="1" conditionals="0" coveredconditionals="0" methods="0" coveredmethods="0"/>
        <line num="1" count="1" type="stmt"/>
      </file>
      <file name="apiResponse.mock.js" path="/Users/nivaldomartinez/Desktop/meli-test-api/tests/mocks/apiResponse.mock.js">
        <metrics statements="1" coveredstatements="1" conditionals="0" coveredconditionals="0" methods="0" coveredmethods="0"/>
        <line num="1" count="1" type="stmt"/>
      </file>
      <file name="breadCrumbResponse.mock.js" path="/Users/nivaldomartinez/Desktop/meli-test-api/tests/mocks/breadCrumbResponse.mock.js">
        <metrics statements="1" coveredstatements="1" conditionals="0" coveredconditionals="0" methods="0" coveredmethods="0"/>
        <line num="1" count="1" type="stmt"/>
      </file>
      <file name="emptyResponse.mock.js" path="/Users/nivaldomartinez/Desktop/meli-test-api/tests/mocks/emptyResponse.mock.js">
        <metrics statements="1" coveredstatements="1" conditionals="0" coveredconditionals="0" methods="0" coveredmethods="0"/>
        <line num="1" count="1" type="stmt"/>
      </file>
      <file name="meliCategoriesResponse.mock.js" path="/Users/nivaldomartinez/Desktop/meli-test-api/tests/mocks/meliCategoriesResponse.mock.js">
        <metrics statements="1" coveredstatements="1" conditionals="0" coveredconditionals="0" methods="0" coveredmethods="0"/>
        <line num="1" count="1" type="stmt"/>
      </file>
      <file name="meliProductDescriptionResponse.mock.js" path="/Users/nivaldomartinez/Desktop/meli-test-api/tests/mocks/meliProductDescriptionResponse.mock.js">
        <metrics statements="1" coveredstatements="1" conditionals="0" coveredconditionals="0" methods="0" coveredmethods="0"/>
        <line num="1" count="1" type="stmt"/>
      </file>
      <file name="meliProductDetailResponse.mock.js" path="/Users/nivaldomartinez/Desktop/meli-test-api/tests/mocks/meliProductDetailResponse.mock.js">
        <metrics statements="1" coveredstatements="1" conditionals="0" coveredconditionals="0" methods="0" coveredmethods="0"/>
        <line num="1" count="1" type="stmt"/>
      </file>
      <file name="meliSearchResponse.mock.js" path="/Users/nivaldomartinez/Desktop/meli-test-api/tests/mocks/meliSearchResponse.mock.js">
        <metrics statements="1" coveredstatements="1" conditionals="0" coveredconditionals="0" methods="0" coveredmethods="0"/>
        <line num="1" count="1" type="stmt"/>
      </file>
    </package>
    <package name="meli-test-api.utils">
      <metrics statements="29" coveredstatements="29" conditionals="0" coveredconditionals="0" methods="12" coveredmethods="12"/>
      <file name="apiRequest.js" path="/Users/nivaldomartinez/Desktop/meli-test-api/utils/apiRequest.js">
        <metrics statements="14" coveredstatements="14" conditionals="0" coveredconditionals="0" methods="6" coveredmethods="6"/>
        <line num="1" count="2" type="stmt"/>
        <line num="9" count="2" type="stmt"/>
        <line num="11" count="6" type="stmt"/>
        <line num="12" count="6" type="stmt"/>
        <line num="14" count="6" type="stmt"/>
        <line num="15" count="5" type="stmt"/>
        <line num="17" count="5" type="stmt"/>
        <line num="18" count="7" type="stmt"/>
        <line num="21" count="5" type="stmt"/>
        <line num="22" count="5" type="stmt"/>
        <line num="23" count="5" type="stmt"/>
        <line num="27" count="6" type="stmt"/>
        <line num="28" count="1" type="stmt"/>
        <line num="31" count="6" type="stmt"/>
      </file>
      <file name="mapResponse.js" path="/Users/nivaldomartinez/Desktop/meli-test-api/utils/mapResponse.js">
        <metrics statements="15" coveredstatements="15" conditionals="0" coveredconditionals="0" methods="6" coveredmethods="6"/>
        <line num="2" count="2" type="stmt"/>
        <line num="3" count="11" type="stmt"/>
        <line num="5" count="11" type="stmt"/>
        <line num="8" count="2" type="stmt"/>
        <line num="10" count="3" type="stmt"/>
        <line num="11" count="6" type="stmt"/>
        <line num="12" count="6" type="stmt"/>
        <line num="26" count="6" type="stmt"/>
        <line num="28" count="3" type="stmt"/>
        <line num="38" count="2" type="stmt"/>
        <line num="39" count="3" type="stmt"/>
        <line num="40" count="3" type="stmt"/>
        <line num="63" count="2" type="stmt"/>
        <line num="64" count="2" type="stmt"/>
        <line num="73" count="2" type="stmt"/>
      </file>
    </package>
  </project>
</coverage>
