{"/Users/nivaldomartinez/Desktop/meli-test-api/routes.js": {"path":"/Users/nivaldomartinez/Desktop/meli-test-api/routes.js","statementMap":{"0":{"start":{"line":1,"column":22},"end":{"line":1,"column":58}},"1":{"start":{"line":2,"column":29},"end":{"line":2,"column":72}},"2":{"start":{"line":3,"column":26},"end":{"line":3,"column":66}},"3":{"start":{"line":5,"column":0},"end":{"line":19,"column":1}},"4":{"start":{"line":6,"column":4},"end":{"line":8,"column":7}},"5":{"start":{"line":7,"column":8},"end":{"line":7,"column":46}},"6":{"start":{"line":10,"column":4},"end":{"line":12,"column":7}},"7":{"start":{"line":11,"column":8},"end":{"line":11,"column":44}},"8":{"start":{"line":14,"column":4},"end":{"line":14,"column":41}},"9":{"start":{"line":16,"column":4},"end":{"line":16,"column":58}},"10":{"start":{"line":18,"column":4},"end":{"line":18,"column":62}}},"fnMap":{"0":{"name":"(anonymous_0)","decl":{"start":{"line":5,"column":17},"end":{"line":5,"column":18}},"loc":{"start":{"line":5,"column":26},"end":{"line":19,"column":1}},"line":5},"1":{"name":"(anonymous_1)","decl":{"start":{"line":6,"column":17},"end":{"line":6,"column":18}},"loc":{"start":{"line":6,"column":31},"end":{"line":8,"column":5}},"line":6},"2":{"name":"(anonymous_2)","decl":{"start":{"line":10,"column":20},"end":{"line":10,"column":21}},"loc":{"start":{"line":10,"column":34},"end":{"line":12,"column":5}},"line":10}},"branchMap":{},"s":{"0":1,"1":1,"2":1,"3":1,"4":1,"5":1,"6":1,"7":1,"8":1,"9":1,"10":1},"f":{"0":1,"1":1,"2":1},"b":{},"_coverageSchema":"1a1c01bbd47fc00a2c39e90264f33305004495a9","hash":"4e756d4d185aea5b04f0cd9556ccbba5adfdd488"}
,"/Users/nivaldomartinez/Desktop/meli-test-api/server.js": {"path":"/Users/nivaldomartinez/Desktop/meli-test-api/server.js","statementMap":{"0":{"start":{"line":1,"column":16},"end":{"line":1,"column":34}},"1":{"start":{"line":2,"column":13},"end":{"line":2,"column":28}},"2":{"start":{"line":3,"column":12},"end":{"line":3,"column":21}},"3":{"start":{"line":5,"column":0},"end":{"line":5,"column":15}},"4":{"start":{"line":6,"column":15},"end":{"line":6,"column":34}},"5":{"start":{"line":8,"column":0},"end":{"line":8,"column":11}},"6":{"start":{"line":10,"column":0},"end":{"line":10,"column":21}}},"fnMap":{},"branchMap":{},"s":{"0":1,"1":1,"2":1,"3":1,"4":1,"5":1,"6":1},"f":{},"b":{},"_coverageSchema":"1a1c01bbd47fc00a2c39e90264f33305004495a9","hash":"0db650c30c1897d321302c63213a245946fd88ce"}
,"/Users/nivaldomartinez/Desktop/meli-test-api/handlers/breadcrumb.handler.js": {"path":"/Users/nivaldomartinez/Desktop/meli-test-api/handlers/breadcrumb.handler.js","statementMap":{"0":{"start":{"line":1,"column":19},"end":{"line":1,"column":49}},"1":{"start":{"line":2,"column":20},"end":{"line":2,"column":51}},"2":{"start":{"line":4,"column":0},"end":{"line":25,"column":1}},"3":{"start":{"line":5,"column":23},"end":{"line":5,"column":44}},"4":{"start":{"line":6,"column":20},"end":{"line":14,"column":5}},"5":{"start":{"line":16,"column":4},"end":{"line":24,"column":5}},"6":{"start":{"line":17,"column":39},"end":{"line":17,"column":64}},"7":{"start":{"line":18,"column":8},"end":{"line":20,"column":11}},"8":{"start":{"line":23,"column":8},"end":{"line":23,"column":36}}},"fnMap":{"0":{"name":"(anonymous_0)","decl":{"start":{"line":4,"column":17},"end":{"line":4,"column":18}},"loc":{"start":{"line":4,"column":37},"end":{"line":25,"column":1}},"line":4}},"branchMap":{},"s":{"0":1,"1":1,"2":1,"3":1,"4":1,"5":1,"6":1,"7":1,"8":0},"f":{"0":1},"b":{},"_coverageSchema":"1a1c01bbd47fc00a2c39e90264f33305004495a9","hash":"42530879942308ed379aba81cd2aed7755b9dda4"}
,"/Users/nivaldomartinez/Desktop/meli-test-api/handlers/productDetail.handler.js": {"path":"/Users/nivaldomartinez/Desktop/meli-test-api/handlers/productDetail.handler.js","statementMap":{"0":{"start":{"line":1,"column":19},"end":{"line":1,"column":49}},"1":{"start":{"line":2,"column":20},"end":{"line":2,"column":51}},"2":{"start":{"line":4,"column":0},"end":{"line":35,"column":1}},"3":{"start":{"line":5,"column":22},"end":{"line":5,"column":42}},"4":{"start":{"line":6,"column":20},"end":{"line":14,"column":5}},"5":{"start":{"line":16,"column":4},"end":{"line":34,"column":5}},"6":{"start":{"line":17,"column":23},"end":{"line":22,"column":9}},"7":{"start":{"line":24,"column":70},"end":{"line":24,"column":76}},"8":{"start":{"line":25,"column":25},"end":{"line":28,"column":9}},"9":{"start":{"line":30,"column":8},"end":{"line":30,"column":39}},"10":{"start":{"line":33,"column":8},"end":{"line":33,"column":36}}},"fnMap":{"0":{"name":"(anonymous_0)","decl":{"start":{"line":4,"column":17},"end":{"line":4,"column":18}},"loc":{"start":{"line":4,"column":37},"end":{"line":35,"column":1}},"line":4}},"branchMap":{},"s":{"0":1,"1":1,"2":1,"3":1,"4":1,"5":1,"6":1,"7":1,"8":1,"9":1,"10":0},"f":{"0":1},"b":{},"_coverageSchema":"1a1c01bbd47fc00a2c39e90264f33305004495a9","hash":"3973f39b13b0ac4265580e3ea0700cf3bf6ca06f"}
,"/Users/nivaldomartinez/Desktop/meli-test-api/handlers/search.handler.js": {"path":"/Users/nivaldomartinez/Desktop/meli-test-api/handlers/search.handler.js","statementMap":{"0":{"start":{"line":1,"column":19},"end":{"line":1,"column":49}},"1":{"start":{"line":2,"column":20},"end":{"line":2,"column":51}},"2":{"start":{"line":4,"column":0},"end":{"line":33,"column":1}},"3":{"start":{"line":5,"column":18},"end":{"line":5,"column":29}},"4":{"start":{"line":6,"column":4},"end":{"line":32,"column":5}},"5":{"start":{"line":7,"column":24},"end":{"line":15,"column":9}},"6":{"start":{"line":17,"column":8},"end":{"line":22,"column":9}},"7":{"start":{"line":18,"column":29},"end":{"line":18,"column":54}},"8":{"start":{"line":19,"column":12},"end":{"line":19,"column":74}},"9":{"start":{"line":21,"column":12},"end":{"line":21,"column":40}},"10":{"start":{"line":24,"column":8},"end":{"line":31,"column":10}}},"fnMap":{"0":{"name":"(anonymous_0)","decl":{"start":{"line":4,"column":17},"end":{"line":4,"column":18}},"loc":{"start":{"line":4,"column":37},"end":{"line":33,"column":1}},"line":4}},"branchMap":{"0":{"loc":{"start":{"line":6,"column":4},"end":{"line":32,"column":5}},"type":"if","locations":[{"start":{"line":6,"column":4},"end":{"line":32,"column":5}},{"start":{"line":6,"column":4},"end":{"line":32,"column":5}}],"line":6}},"s":{"0":1,"1":1,"2":1,"3":2,"4":2,"5":1,"6":1,"7":1,"8":1,"9":0,"10":1},"f":{"0":2},"b":{"0":[1,1]},"_coverageSchema":"1a1c01bbd47fc00a2c39e90264f33305004495a9","hash":"34da0953ee5883164c7b52dd01527b7325610993"}
,"/Users/nivaldomartinez/Desktop/meli-test-api/tests/mocks/apiItem.mock.js": {"path":"/Users/nivaldomartinez/Desktop/meli-test-api/tests/mocks/apiItem.mock.js","statementMap":{"0":{"start":{"line":1,"column":0},"end":{"line":15,"column":1}}},"fnMap":{},"branchMap":{},"s":{"0":1},"f":{},"b":{},"_coverageSchema":"1a1c01bbd47fc00a2c39e90264f33305004495a9","hash":"9ba6ccf72a9023ab388f0873f45607aaed5a7011"}
,"/Users/nivaldomartinez/Desktop/meli-test-api/tests/mocks/apiResponse.mock.js": {"path":"/Users/nivaldomartinez/Desktop/meli-test-api/tests/mocks/apiResponse.mock.js","statementMap":{"0":{"start":{"line":1,"column":0},"end":{"line":23,"column":1}}},"fnMap":{},"branchMap":{},"s":{"0":1},"f":{},"b":{},"_coverageSchema":"1a1c01bbd47fc00a2c39e90264f33305004495a9","hash":"aab46e6136c3b07bb1083626912f49e43ef477f6"}
,"/Users/nivaldomartinez/Desktop/meli-test-api/tests/mocks/breadCrumbResponse.mock.js": {"path":"/Users/nivaldomartinez/Desktop/meli-test-api/tests/mocks/breadCrumbResponse.mock.js","statementMap":{"0":{"start":{"line":1,"column":0},"end":{"line":20,"column":1}}},"fnMap":{},"branchMap":{},"s":{"0":1},"f":{},"b":{},"_coverageSchema":"1a1c01bbd47fc00a2c39e90264f33305004495a9","hash":"b9e1df84d3fe051e7fc652e54d8c1b59ceee06b1"}
,"/Users/nivaldomartinez/Desktop/meli-test-api/tests/mocks/emptyResponse.mock.js": {"path":"/Users/nivaldomartinez/Desktop/meli-test-api/tests/mocks/emptyResponse.mock.js","statementMap":{"0":{"start":{"line":1,"column":0},"end":{"line":8,"column":1}}},"fnMap":{},"branchMap":{},"s":{"0":1},"f":{},"b":{},"_coverageSchema":"1a1c01bbd47fc00a2c39e90264f33305004495a9","hash":"9e304e92b118035c99d09111409ba25a65df4052"}
,"/Users/nivaldomartinez/Desktop/meli-test-api/tests/mocks/meliCategoriesResponse.mock.js": {"path":"/Users/nivaldomartinez/Desktop/meli-test-api/tests/mocks/meliCategoriesResponse.mock.js","statementMap":{"0":{"start":{"line":1,"column":0},"end":{"line":97,"column":1}}},"fnMap":{},"branchMap":{},"s":{"0":1},"f":{},"b":{},"_coverageSchema":"1a1c01bbd47fc00a2c39e90264f33305004495a9","hash":"1fc2e9a3fe9de1cbde9afc2392384021d3aaffb2"}
,"/Users/nivaldomartinez/Desktop/meli-test-api/tests/mocks/meliProductDescriptionResponse.mock.js": {"path":"/Users/nivaldomartinez/Desktop/meli-test-api/tests/mocks/meliProductDescriptionResponse.mock.js","statementMap":{"0":{"start":{"line":1,"column":0},"end":{"line":12,"column":1}}},"fnMap":{},"branchMap":{},"s":{"0":1},"f":{},"b":{},"_coverageSchema":"1a1c01bbd47fc00a2c39e90264f33305004495a9","hash":"77fdf2a40400a18f7485b20845564797808e6914"}
,"/Users/nivaldomartinez/Desktop/meli-test-api/tests/mocks/meliProductDetailResponse.mock.js": {"path":"/Users/nivaldomartinez/Desktop/meli-test-api/tests/mocks/meliProductDetailResponse.mock.js","statementMap":{"0":{"start":{"line":1,"column":0},"end":{"line":449,"column":1}}},"fnMap":{},"branchMap":{},"s":{"0":1},"f":{},"b":{},"_coverageSchema":"1a1c01bbd47fc00a2c39e90264f33305004495a9","hash":"eb7fb5eb52f0ed540205e9e652a71f72bf2621de"}
,"/Users/nivaldomartinez/Desktop/meli-test-api/tests/mocks/meliSearchResponse.mock.js": {"path":"/Users/nivaldomartinez/Desktop/meli-test-api/tests/mocks/meliSearchResponse.mock.js","statementMap":{"0":{"start":{"line":1,"column":0},"end":{"line":233,"column":1}}},"fnMap":{},"branchMap":{},"s":{"0":1},"f":{},"b":{},"_coverageSchema":"1a1c01bbd47fc00a2c39e90264f33305004495a9","hash":"75139bffb9e777433c2340730ced6322c81751a7"}
,"/Users/nivaldomartinez/Desktop/meli-test-api/utils/apiRequest.js": {"path":"/Users/nivaldomartinez/Desktop/meli-test-api/utils/apiRequest.js","statementMap":{"0":{"start":{"line":1,"column":14},"end":{"line":1,"column":30}},"1":{"start":{"line":9,"column":0},"end":{"line":33,"column":2}},"2":{"start":{"line":11,"column":2},"end":{"line":32,"column":4}},"3":{"start":{"line":12,"column":17},"end":{"line":12,"column":19}},"4":{"start":{"line":14,"column":20},"end":{"line":25,"column":6}},"5":{"start":{"line":15,"column":6},"end":{"line":15,"column":30}},"6":{"start":{"line":17,"column":6},"end":{"line":19,"column":9}},"7":{"start":{"line":18,"column":8},"end":{"line":18,"column":24}},"8":{"start":{"line":21,"column":6},"end":{"line":24,"column":9}},"9":{"start":{"line":22,"column":25},"end":{"line":22,"column":43}},"10":{"start":{"line":23,"column":8},"end":{"line":23,"column":26}},"11":{"start":{"line":27,"column":4},"end":{"line":29,"column":7}},"12":{"start":{"line":28,"column":6},"end":{"line":28,"column":17}},"13":{"start":{"line":31,"column":4},"end":{"line":31,"column":18}}},"fnMap":{"0":{"name":"(anonymous_0)","decl":{"start":{"line":9,"column":17},"end":{"line":9,"column":18}},"loc":{"start":{"line":9,"column":30},"end":{"line":33,"column":1}},"line":9},"1":{"name":"(anonymous_1)","decl":{"start":{"line":11,"column":21},"end":{"line":11,"column":22}},"loc":{"start":{"line":11,"column":42},"end":{"line":32,"column":3}},"line":11},"2":{"name":"(anonymous_2)","decl":{"start":{"line":14,"column":43},"end":{"line":14,"column":44}},"loc":{"start":{"line":14,"column":52},"end":{"line":25,"column":5}},"line":14},"3":{"name":"(anonymous_3)","decl":{"start":{"line":17,"column":21},"end":{"line":17,"column":22}},"loc":{"start":{"line":17,"column":32},"end":{"line":19,"column":7}},"line":17},"4":{"name":"(anonymous_4)","decl":{"start":{"line":21,"column":20},"end":{"line":21,"column":21}},"loc":{"start":{"line":21,"column":26},"end":{"line":24,"column":7}},"line":21},"5":{"name":"(anonymous_5)","decl":{"start":{"line":27,"column":24},"end":{"line":27,"column":25}},"loc":{"start":{"line":27,"column":33},"end":{"line":29,"column":5}},"line":27}},"branchMap":{},"s":{"0":2,"1":2,"2":6,"3":6,"4":6,"5":5,"6":5,"7":7,"8":5,"9":5,"10":5,"11":6,"12":1,"13":6},"f":{"0":6,"1":6,"2":5,"3":7,"4":5,"5":1},"b":{},"_coverageSchema":"1a1c01bbd47fc00a2c39e90264f33305004495a9","hash":"7b22df765f15caea8b3ed20aea4367fec32bcd43"}
,"/Users/nivaldomartinez/Desktop/meli-test-api/utils/mapResponse.js": {"path":"/Users/nivaldomartinez/Desktop/meli-test-api/utils/mapResponse.js","statementMap":{"0":{"start":{"line":2,"column":26},"end":{"line":6,"column":1}},"1":{"start":{"line":3,"column":30},"end":{"line":3,"column":59}},"2":{"start":{"line":5,"column":4},"end":{"line":5,"column":49}},"3":{"start":{"line":8,"column":0},"end":{"line":36,"column":2}},"4":{"start":{"line":10,"column":18},"end":{"line":24,"column":6}},"5":{"start":{"line":11,"column":34},"end":{"line":11,"column":63}},"6":{"start":{"line":12,"column":8},"end":{"line":23,"column":10}},"7":{"start":{"line":26,"column":23},"end":{"line":26,"column":79}},"8":{"start":{"line":26,"column":62},"end":{"line":26,"column":78}},"9":{"start":{"line":28,"column":4},"end":{"line":35,"column":6}},"10":{"start":{"line":38,"column":0},"end":{"line":61,"column":2}},"11":{"start":{"line":39,"column":30},"end":{"line":39,"column":74}},"12":{"start":{"line":40,"column":4},"end":{"line":60,"column":6}},"13":{"start":{"line":63,"column":0},"end":{"line":71,"column":2}},"14":{"start":{"line":64,"column":4},"end":{"line":70,"column":6}},"15":{"start":{"line":73,"column":0},"end":{"line":73,"column":53}}},"fnMap":{"0":{"name":"(anonymous_0)","decl":{"start":{"line":2,"column":26},"end":{"line":2,"column":27}},"loc":{"start":{"line":2,"column":45},"end":{"line":6,"column":1}},"line":2},"1":{"name":"(anonymous_1)","decl":{"start":{"line":8,"column":35},"end":{"line":8,"column":36}},"loc":{"start":{"line":8,"column":59},"end":{"line":36,"column":1}},"line":8},"2":{"name":"(anonymous_2)","decl":{"start":{"line":10,"column":49},"end":{"line":10,"column":50}},"loc":{"start":{"line":10,"column":57},"end":{"line":24,"column":5}},"line":10},"3":{"name":"(anonymous_3)","decl":{"start":{"line":26,"column":54},"end":{"line":26,"column":55}},"loc":{"start":{"line":26,"column":62},"end":{"line":26,"column":78}},"line":26},"4":{"name":"(anonymous_4)","decl":{"start":{"line":38,"column":36},"end":{"line":38,"column":37}},"loc":{"start":{"line":38,"column":93},"end":{"line":61,"column":1}},"line":38},"5":{"name":"(anonymous_5)","decl":{"start":{"line":63,"column":39},"end":{"line":63,"column":40}},"loc":{"start":{"line":63,"column":67},"end":{"line":71,"column":1}},"line":63}},"branchMap":{},"s":{"0":2,"1":11,"2":11,"3":2,"4":3,"5":6,"6":6,"7":3,"8":6,"9":3,"10":2,"11":3,"12":3,"13":2,"14":2,"15":2},"f":{"0":11,"1":3,"2":6,"3":6,"4":3,"5":2},"b":{},"_coverageSchema":"1a1c01bbd47fc00a2c39e90264f33305004495a9","hash":"5b8ff85ed873f13d5e8d568a5d1294a15a8aa93d"}
}
