TN:
SF:routes.js
FN:5,(anonymous_0)
FN:6,(anonymous_1)
FN:10,(anonymous_2)
FNF:3
FNH:3
FNDA:4,(anonymous_0)
FNDA:1,(anonymous_1)
FNDA:1,(anonymous_2)
DA:1,4
DA:2,4
DA:3,4
DA:5,4
DA:6,4
DA:7,1
DA:10,4
DA:11,1
DA:14,4
DA:16,4
DA:18,4
LF:11
LH:11
BRF:0
BRH:0
end_of_record
TN:
SF:server.js
FNF:0
FNH:0
DA:1,4
DA:2,4
DA:3,4
DA:5,4
DA:6,4
DA:8,4
DA:10,4
LF:7
LH:7
BRF:0
BRH:0
end_of_record
TN:
SF:handlers/breadcrumb.handler.js
FN:4,(anonymous_0)
FNF:1
FNH:1
FNDA:2,(anonymous_0)
DA:1,4
DA:2,4
DA:4,4
DA:5,2
DA:6,2
DA:16,2
DA:17,2
DA:18,1
DA:23,1
LF:9
LH:9
BRF:0
BRH:0
end_of_record
TN:
SF:handlers/productDetail.handler.js
FN:4,(anonymous_0)
FNF:1
FNH:1
FNDA:2,(anonymous_0)
DA:1,4
DA:2,4
DA:4,4
DA:5,2
DA:6,2
DA:16,2
DA:17,2
DA:24,1
DA:25,1
DA:30,1
DA:33,1
LF:11
LH:11
BRF:0
BRH:0
end_of_record
TN:
SF:handlers/search.handler.js
FN:4,(anonymous_0)
FNF:1
FNH:1
FNDA:3,(anonymous_0)
DA:1,4
DA:2,4
DA:4,4
DA:5,3
DA:6,3
DA:7,2
DA:17,2
DA:18,2
DA:19,1
DA:21,1
DA:24,1
LF:11
LH:11
BRDA:6,0,0,2
BRDA:6,0,1,1
BRF:2
BRH:2
end_of_record
TN:
SF:tests/mocks/apiItem.mock.js
FNF:0
FNH:0
DA:1,1
LF:1
LH:1
BRF:0
BRH:0
end_of_record
TN:
SF:tests/mocks/apiResponse.mock.js
FNF:0
FNH:0
DA:1,1
LF:1
LH:1
BRF:0
BRH:0
end_of_record
TN:
SF:tests/mocks/breadCrumbResponse.mock.js
FNF:0
FNH:0
DA:1,2
LF:1
LH:1
BRF:0
BRH:0
end_of_record
TN:
SF:tests/mocks/emptyResponse.mock.js
FNF:0
FNH:0
DA:1,1
LF:1
LH:1
BRF:0
BRH:0
end_of_record
TN:
SF:tests/mocks/meliCategoriesResponse.mock.js
FNF:0
FNH:0
DA:1,1
LF:1
LH:1
BRF:0
BRH:0
end_of_record
TN:
SF:tests/mocks/meliProductDescriptionResponse.mock.js
FNF:0
FNH:0
DA:1,2
LF:1
LH:1
BRF:0
BRH:0
end_of_record
TN:
SF:tests/mocks/meliProductDetailResponse.mock.js
FNF:0
FNH:0
DA:1,2
LF:1
LH:1
BRF:0
BRH:0
end_of_record
TN:
SF:tests/mocks/meliSearchResponse.mock.js
FNF:0
FNH:0
DA:1,2
LF:1
LH:1
BRF:0
BRH:0
end_of_record
TN:
SF:utils/apiRequest.js
FN:9,(anonymous_0)
FN:11,(anonymous_1)
FN:14,(anonymous_2)
FN:17,(anonymous_3)
FN:21,(anonymous_4)
FN:27,(anonymous_5)
FNF:6
FNH:6
FNDA:6,(anonymous_0)
FNDA:6,(anonymous_1)
FNDA:5,(anonymous_2)
FNDA:9,(anonymous_3)
FNDA:5,(anonymous_4)
FNDA:1,(anonymous_5)
DA:1,2
DA:9,2
DA:11,6
DA:12,6
DA:14,6
DA:15,5
DA:17,5
DA:18,9
DA:21,5
DA:22,5
DA:23,5
DA:27,6
DA:28,1
DA:31,6
LF:14
LH:14
BRF:0
BRH:0
end_of_record
TN:
SF:utils/mapResponse.js
FN:2,(anonymous_0)
FN:8,(anonymous_1)
FN:10,(anonymous_2)
FN:26,(anonymous_3)
FN:38,(anonymous_4)
FN:63,(anonymous_5)
FNF:6
FNH:6
FNDA:11,(anonymous_0)
FNDA:3,(anonymous_1)
FNDA:6,(anonymous_2)
FNDA:6,(anonymous_3)
FNDA:3,(anonymous_4)
FNDA:2,(anonymous_5)
DA:2,5
DA:3,11
DA:5,11
DA:8,5
DA:10,3
DA:11,6
DA:12,6
DA:26,6
DA:28,3
DA:38,5
DA:39,3
DA:40,3
DA:63,5
DA:64,2
DA:73,5
LF:15
LH:15
BRF:0
BRH:0
end_of_record
